-------------------------------------------------------------------------------
Test set: PrimaryControllerTest
-------------------------------------------------------------------------------
Tests run: 1, Failures: 1, Errors: 0, Skipped: 0, Time elapsed: 0.439 sec <<< FAILURE!
PrimaryControllerTest.testHandleButtonClick()  Time elapsed: 0.437 sec  <<< FAILURE!
java.lang.NullPointerException: Cannot invoke "javafx.scene.control.TextField.getText()" because "this.txtAuftrag" is null
	at fxml.PrimaryController.handleButtonClick(PrimaryController.java:168)
	at PrimaryControllerTest.testHandleButtonClick(PrimaryControllerTest.java:18)

